  EffectiveSTL.cpp
C:\Users\USER\Documents\TIL\Document\C++\EffectiveSTL\EffectiveSTL\EffectiveSTL\Item07.h(32,23): warning C4018: '<': signed 또는 unsigned가 일치하지 않습니다.
C:\Users\USER\Documents\TIL\Document\C++\EffectiveSTL\EffectiveSTL\EffectiveSTL\Item31.h(38,27): warning C4267: '=': 'size_t'에서 '_Ty'(으)로 변환하면서 데이터가 손실될 수 있습니다.
          with
          [
              _Ty=int
          ]
C:\Users\USER\Documents\TIL\Document\C++\EffectiveSTL\EffectiveSTL\EffectiveSTL\Item31.h(71,51): warning C4244: '인수': 'double'에서 'const __int64'(으)로 변환하면서 데이터가 손실될 수 있습니다.
C:\Users\USER\Documents\TIL\Document\C++\EffectiveSTL\EffectiveSTL\EffectiveSTL\Item31.h(75,61): warning C4244: '인수': 'double'에서 'const __int64'(으)로 변환하면서 데이터가 손실될 수 있습니다.
C:\Users\USER\Documents\TIL\Document\C++\EffectiveSTL\EffectiveSTL\EffectiveSTL\Item34.h(78,23): warning C4267: '=': 'size_t'에서 '_Ty'(으)로 변환하면서 데이터가 손실될 수 있습니다.
          with
          [
              _Ty=int
          ]
C:\Users\USER\Documents\TIL\Document\C++\EffectiveSTL\EffectiveSTL\EffectiveSTL\Item43.h(84,35): warning C4244: '인수': 'double'에서 '_Ty'(으)로 변환하면서 데이터가 손실될 수 있습니다.
          with
          [
              _Ty=int
          ]
C:\Users\USER\Documents\TIL\Document\C++\EffectiveSTL\EffectiveSTL\EffectiveSTL\Item43.h(97,56): warning C4244: '인수': 'double'에서 '_Ty'(으)로 변환하면서 데이터가 손실될 수 있습니다.
          with
          [
              _Ty=int
          ]
C:\Users\USER\Documents\TIL\Document\C++\EffectiveSTL\EffectiveSTL\EffectiveSTL\Item44.h(72,6): warning C4834: 'nodiscard' 특성이 포함된 함수의 반환 값을 버리는 중
C:\Users\USER\Documents\TIL\Document\C++\EffectiveSTL\EffectiveSTL\EffectiveSTL\Item44.h(80,4): warning C4834: 'nodiscard' 특성이 포함된 함수의 반환 값을 버리는 중
C:\Users\USER\Documents\TIL\Document\C++\EffectiveSTL\EffectiveSTL\EffectiveSTL\Item49.h(51,1): error C2440: '초기화 중': 'std::_Tree_const_iterator<std::_Tree_val<std::_Tree_simple_types<std::pair<const std::string,std::string>>>>'에서 'std::_Tree_iterator<std::_Tree_val<std::_Tree_simple_types<std::pair<const std::string,std::string>>>>'(으)로 변환할 수 없습니다.
C:\Users\USER\Documents\TIL\Document\C++\EffectiveSTL\EffectiveSTL\EffectiveSTL\Item49.h(51,41): message : 이 변환을 수행할 수 있는 사용 가능한 사용자 정의 변환 연산자가 없거나 연산자를 호출할 수 없습니다.
C:\Users\USER\Documents\TIL\Document\C++\EffectiveSTL\EffectiveSTL\EffectiveSTL\Item49.h(56,4): warning C4094: 태그 없는 'struct'에서 기호를 선언하지 않았습니다.
