c:\users\user\documents\til\effective c++\effectivecpp\effectivecpp\debug\effectivecpp.pch
c:\users\user\documents\til\effective c++\effectivecpp\effectivecpp\debug\vc141.pdb
c:\users\user\documents\til\effective c++\effectivecpp\effectivecpp\debug\vc141.idb
c:\users\user\documents\til\effective c++\effectivecpp\effectivecpp\debug\pch.obj
c:\users\user\documents\til\effective c++\effectivecpp\effectivecpp\debug\item23.obj
c:\users\user\documents\til\effective c++\effectivecpp\effectivecpp\debug\item21.obj
c:\users\user\documents\til\effective c++\effectivecpp\effectivecpp\debug\item20.obj
c:\users\user\documents\til\effective c++\effectivecpp\effectivecpp\debug\item18.obj
c:\users\user\documents\til\effective c++\effectivecpp\effectivecpp\debug\item17.obj
c:\users\user\documents\til\effective c++\effectivecpp\effectivecpp\debug\item16.obj
c:\users\user\documents\til\effective c++\effectivecpp\effectivecpp\debug\item15.obj
c:\users\user\documents\til\effective c++\effectivecpp\effectivecpp\debug\item14.obj
c:\users\user\documents\til\effective c++\effectivecpp\effectivecpp\debug\item13.obj
c:\users\user\documents\til\effective c++\effectivecpp\effectivecpp\debug\item09.obj
c:\users\user\documents\til\effective c++\effectivecpp\effectivecpp\debug\item12.obj
c:\users\user\documents\til\effective c++\effectivecpp\effectivecpp\debug\item11.obj
c:\users\user\documents\til\effective c++\effectivecpp\effectivecpp\debug\item10.obj
c:\users\user\documents\til\effective c++\effectivecpp\effectivecpp\debug\item08.obj
c:\users\user\documents\til\effective c++\effectivecpp\effectivecpp\debug\item07.obj
c:\users\user\documents\til\effective c++\effectivecpp\effectivecpp\debug\item06.obj
c:\users\user\documents\til\effective c++\effectivecpp\effectivecpp\debug\item04.obj
c:\users\user\documents\til\effective c++\effectivecpp\effectivecpp\debug\item03.obj
c:\users\user\documents\til\effective c++\effectivecpp\effectivecpp\debug\effectivecpp.obj
c:\users\user\documents\til\effective c++\effectivecpp\effectivecpp\debug\casting_study.obj
c:\users\user\documents\til\effective c++\effectivecpp\effectivecpp\debug\item46.obj
c:\users\user\documents\til\effective c++\effectivecpp\effectivecpp\debug\item45.obj
c:\users\user\documents\til\effective c++\effectivecpp\effectivecpp\debug\item44.obj
c:\users\user\documents\til\effective c++\effectivecpp\effectivecpp\debug\item43.obj
c:\users\user\documents\til\effective c++\effectivecpp\effectivecpp\debug\item42.obj
c:\users\user\documents\til\effective c++\effectivecpp\effectivecpp\debug\item41.obj
c:\users\user\documents\til\effective c++\effectivecpp\effectivecpp\debug\item40.obj
c:\users\user\documents\til\effective c++\effectivecpp\effectivecpp\debug\item39.obj
c:\users\user\documents\til\effective c++\effectivecpp\effectivecpp\debug\item37.obj
c:\users\user\documents\til\effective c++\effectivecpp\effectivecpp\debug\item35.obj
c:\users\user\documents\til\effective c++\effectivecpp\effectivecpp\debug\item33.obj
c:\users\user\documents\til\effective c++\effectivecpp\effectivecpp\debug\item31_plus.obj
c:\users\user\documents\til\effective c++\effectivecpp\effectivecpp\debug\item31.obj
c:\users\user\documents\til\effective c++\effectivecpp\effectivecpp\debug\item30.obj
c:\users\user\documents\til\effective c++\effectivecpp\effectivecpp\debug\item29.obj
c:\users\user\documents\til\effective c++\effectivecpp\effectivecpp\debug\item28.obj
c:\users\user\documents\til\effective c++\effectivecpp\effectivecpp\debug\item27.obj
c:\users\user\documents\til\effective c++\effectivecpp\effectivecpp\debug\item26.obj
c:\users\user\documents\til\effective c++\effectivecpp\effectivecpp\debug\item25.obj
c:\users\user\documents\til\effective c++\effectivecpp\effectivecpp\debug\item24.obj
c:\users\user\documents\til\effective c++\effectivecpp\effectivecpp\debug\item51.obj
c:\users\user\documents\til\effective c++\effectivecpp\effectivecpp\debug\item50.obj
c:\users\user\documents\til\effective c++\effectivecpp\effectivecpp\debug\item49.obj
c:\users\user\documents\til\effective c++\effectivecpp\effectivecpp\debug\item48.obj
c:\users\user\documents\til\effective c++\effectivecpp\effectivecpp\debug\item47.obj
c:\users\user\documents\til\effective c++\effectivecpp\effectivecpp\debug\item31_impl.obj
c:\users\user\documents\til\effective c++\effectivecpp\debug\effectivecpp.exe
c:\users\user\documents\til\effective c++\effectivecpp\debug\effectivecpp.ilk
c:\users\user\documents\til\effective c++\effectivecpp\debug\effectivecpp.pdb
c:\users\user\documents\til\effective c++\effectivecpp\effectivecpp\debug\item31_date.obj
c:\users\user\documents\til\effective c++\effectivecpp\effectivecpp\debug\item36.obj
c:\users\user\documents\til\effective c++\effectivecpp\effectivecpp\debug\itme09.obj
c:\users\user\documents\til\effective c++\effectivecpp\effectivecpp\debug\effectivecpp.tlog\cl.command.1.tlog
c:\users\user\documents\til\effective c++\effectivecpp\effectivecpp\debug\effectivecpp.tlog\cl.read.1.tlog
c:\users\user\documents\til\effective c++\effectivecpp\effectivecpp\debug\effectivecpp.tlog\cl.write.1.tlog
c:\users\user\documents\til\effective c++\effectivecpp\effectivecpp\debug\effectivecpp.tlog\link.command.1.tlog
c:\users\user\documents\til\effective c++\effectivecpp\effectivecpp\debug\effectivecpp.tlog\link.read.1.tlog
c:\users\user\documents\til\effective c++\effectivecpp\effectivecpp\debug\effectivecpp.tlog\link.write.1.tlog
