  Item35.cpp
c:\users\user\documents\til\effective c++\effectivecpp\effectivecpp\effectivec++\item35.cpp(112): warning C4930: 'Item35_3::GameCharacter gc2(Item35_3::HealthCalculator (__cdecl *)(void))': 프로토타입 함수가 호출되지 않았습니다. 변수 정의로 사용하려고 한 것은 아닌지 확인하십시오.
c:\program files (x86)\microsoft visual studio\2017\community\vc\tools\msvc\14.16.27023\include\type_traits(16707566): warning C4244: 'return': 'float'에서 '_Rx'(으)로 변환하면서 데이터가 손실될 수 있습니다.
          with
          [
              _Rx=int
          ]
  c:\program files (x86)\microsoft visual studio\2017\community\vc\tools\msvc\14.16.27023\include\functional(16707566): note: 컴파일 중인 함수 템플릿 인스턴스화 '_Rx std::_Invoker_ret<_Rx,false>::_Call<_Callable&,const Item35_3::GameCharacter&>(_Callable &,const Item35_3::GameCharacter &)'에 대한 참조를 확인하십시오.
          with
          [
              _Rx=int,
              _Callable=std::_Binder<std::_Unforced,float (__thiscall Item35_3::HealthCalculator2::* )(const Item35_3::GameCharacter &) const,Item35_3::HealthCalculator2 &,Item35_3::GameCharacter &>
          ]
  c:\program files (x86)\microsoft visual studio\2017\community\vc\tools\msvc\14.16.27023\include\functional(16707566): note: 컴파일 중인 함수 템플릿 인스턴스화 '_Rx std::_Invoker_ret<_Rx,false>::_Call<_Callable&,const Item35_3::GameCharacter&>(_Callable &,const Item35_3::GameCharacter &)'에 대한 참조를 확인하십시오.
          with
          [
              _Rx=int,
              _Callable=std::_Binder<std::_Unforced,float (__thiscall Item35_3::HealthCalculator2::* )(const Item35_3::GameCharacter &) const,Item35_3::HealthCalculator2 &,Item35_3::GameCharacter &>
          ]
  c:\program files (x86)\microsoft visual studio\2017\community\vc\tools\msvc\14.16.27023\include\functional(15732480): note: 클래스 템플릿 멤버 함수 '_Rx std::_Func_impl_no_alloc<std::_Binder<std::_Unforced,float (__thiscall Item35_3::HealthCalculator2::* )(const Item35_3::GameCharacter &) const,Item35_3::HealthCalculator2 &,Item35_3::GameCharacter &>,_Rx,const Item35_3::GameCharacter &>::_Do_call(const Item35_3::GameCharacter &)'을(를) 컴파일하고 있습니다.
          with
          [
              _Rx=int
          ]
  c:\program files (x86)\microsoft visual studio\2017\community\vc\tools\msvc\14.16.27023\include\functional(1061): note: 컴파일 중인 클래스 템플릿 인스턴스화 'std::_Func_impl_no_alloc<std::_Binder<std::_Unforced,float (__thiscall Item35_3::HealthCalculator2::* )(const Item35_3::GameCharacter &) const,Item35_3::HealthCalculator2 &,Item35_3::GameCharacter &>,_Ret,const Item35_3::GameCharacter &>'에 대한 참조를 확인하세요.
          with
          [
              _Ret=int
          ]
  c:\program files (x86)\microsoft visual studio\2017\community\vc\tools\msvc\14.16.27023\include\functional(1313): note: 컴파일 중인 클래스 템플릿 인스턴스화 'std::_Is_large<_Impl>'에 대한 참조를 확인하세요.
  c:\program files (x86)\microsoft visual studio\2017\community\vc\tools\msvc\14.16.27023\include\functional(1502): note: 컴파일 중인 함수 템플릿 인스턴스화 'void std::_Func_class<_Ret,const Item35_3::GameCharacter &>::_Reset<std::_Binder<std::_Unforced,float (__thiscall Item35_3::HealthCalculator2::* )(const Item35_3::GameCharacter &) const,Item35_3::HealthCalculator2 &,Item35_3::GameCharacter &>>(_Fx &&)'에 대한 참조를 확인하십시오.
          with
          [
              _Ret=int,
              _Fx=std::_Binder<std::_Unforced,float (__thiscall Item35_3::HealthCalculator2::* )(const Item35_3::GameCharacter &) const,Item35_3::HealthCalculator2 &,Item35_3::GameCharacter &>
          ]
  c:\program files (x86)\microsoft visual studio\2017\community\vc\tools\msvc\14.16.27023\include\functional(1502): note: 컴파일 중인 함수 템플릿 인스턴스화 'void std::_Func_class<_Ret,const Item35_3::GameCharacter &>::_Reset<std::_Binder<std::_Unforced,float (__thiscall Item35_3::HealthCalculator2::* )(const Item35_3::GameCharacter &) const,Item35_3::HealthCalculator2 &,Item35_3::GameCharacter &>>(_Fx &&)'에 대한 참조를 확인하십시오.
          with
          [
              _Ret=int,
              _Fx=std::_Binder<std::_Unforced,float (__thiscall Item35_3::HealthCalculator2::* )(const Item35_3::GameCharacter &) const,Item35_3::HealthCalculator2 &,Item35_3::GameCharacter &>
          ]
  c:\users\user\documents\til\effective c++\effectivecpp\effectivecpp\effectivec++\item35.cpp(113): note: 컴파일 중인 함수 템플릿 인스턴스화 'std::function<int (const Item35_3::GameCharacter &)>::function<std::_Binder<std::_Unforced,float (__thiscall Item35_3::HealthCalculator2::* )(const Item35_3::GameCharacter &) const,Item35_3::HealthCalculator2 &,Item35_3::GameCharacter &>,void>(_Fx)'에 대한 참조를 확인하십시오.
          with
          [
              _Fx=std::_Binder<std::_Unforced,float (__thiscall Item35_3::HealthCalculator2::* )(const Item35_3::GameCharacter &) const,Item35_3::HealthCalculator2 &,Item35_3::GameCharacter &>
          ]
  c:\users\user\documents\til\effective c++\effectivecpp\effectivecpp\effectivec++\item35.cpp(113): note: 컴파일 중인 함수 템플릿 인스턴스화 'std::function<int (const Item35_3::GameCharacter &)>::function<std::_Binder<std::_Unforced,float (__thiscall Item35_3::HealthCalculator2::* )(const Item35_3::GameCharacter &) const,Item35_3::HealthCalculator2 &,Item35_3::GameCharacter &>,void>(_Fx)'에 대한 참조를 확인하십시오.
          with
          [
              _Fx=std::_Binder<std::_Unforced,float (__thiscall Item35_3::HealthCalculator2::* )(const Item35_3::GameCharacter &) const,Item35_3::HealthCalculator2 &,Item35_3::GameCharacter &>
          ]
  Item37.cpp
c:\users\user\documents\til\effective c++\effectivecpp\effectivecpp\effectivec++\item37.cpp(27): warning C4101: 'ps' :참조되지 않은 지역 변수입니다.
  Item39.cpp
c:\users\user\documents\til\effective c++\effectivecpp\effectivecpp\effectivec++\item39.cpp(20): warning C4101: 's' :참조되지 않은 지역 변수입니다.
  Item40.cpp
  코드를 생성하고 있습니다...
  EffectiveCPP.vcxproj -> C:\Users\USER\Documents\TIL\Effective C++\EffectiveCPP\Debug\EffectiveCPP.exe
